<?xml version="1.0" encoding="UTF-8" ?>
<testsuite tests="22" failures="0" name="ISO2_C05.TestingP3.CuentaTest" time="0.02" errors="0" skipped="0">
  <properties>
    <property name="java.runtime.name" value="OpenJDK Runtime Environment"/>
    <property name="java.vm.version" value="14.0.2+12-46"/>
    <property name="sun.boot.library.path" value="C:\Users\ANGELLUISRODRIG\.p2\pool\plugins\org.eclipse.justj.openjdk.hotspot.jre.full.win32.x86_64_14.0.2.v20200815-0932\jre\bin"/>
    <property name="maven.multiModuleProjectDirectory" value="C:\Users\ANGELLUISRODRIG\OneDrive - Universidad de Castilla-La Mancha\ESI\3º\1er Cuatrimestre\ISO 2\Trabajo Teórico\ISO2-2022-C05-Testing-P3\TestingP3"/>
    <property name="java.vm.vendor" value="Oracle Corporation"/>
    <property name="java.vendor.url" value="https://java.oracle.com/"/>
    <property name="guice.disable.misplaced.annotation.check" value="true"/>
    <property name="path.separator" value=";"/>
    <property name="java.vm.name" value="OpenJDK 64-Bit Server VM"/>
    <property name="sun.os.patch.level" value=""/>
    <property name="user.script" value=""/>
    <property name="user.country" value="ES"/>
    <property name="sun.java.launcher" value="SUN_STANDARD"/>
    <property name="java.vm.specification.name" value="Java Virtual Machine Specification"/>
    <property name="user.dir" value="C:\Users\ANGELLUISRODRIG\OneDrive - Universidad de Castilla-La Mancha\ESI\3º\1er Cuatrimestre\ISO 2\Trabajo Teórico\ISO2-2022-C05-Testing-P3\TestingP3"/>
    <property name="java.vm.compressedOopsMode" value="32-bit"/>
    <property name="java.runtime.version" value="14.0.2+12-46"/>
    <property name="os.arch" value="amd64"/>
    <property name="java.io.tmpdir" value="C:\Users\ANGELL~1\AppData\Local\Temp\"/>
    <property name="line.separator" value="
"/>
    <property name="java.vm.specification.vendor" value="Oracle Corporation"/>
    <property name="user.variant" value=""/>
    <property name="os.name" value="Windows 10"/>
    <property name="classworlds.conf" value="C:\Users\ANGELLUISRODRIG\OneDrive - Universidad de Castilla-La Mancha\ESI\3º\1er Cuatrimestre\ISO 2\Trabajo Teórico\Ejercicio3\ISO2-2022-C05-Testing-P3\.metadata\.plugins\org.eclipse.m2e.launching\launches\m2conf8782099351094600604.tmp"/>
    <property name="sun.jnu.encoding" value="Cp1252"/>
    <property name="java.library.path" value="C:\Users\ANGELLUISRODRIG\.p2\pool\plugins\org.eclipse.justj.openjdk.hotspot.jre.full.win32.x86_64_14.0.2.v20200815-0932\jre\bin;C:\Windows\Sun\Java\bin;C:\Windows\system32;C:\Windows;C:/Users/ANGELLUISRODRIG/.p2/pool/plugins/org.eclipse.justj.openjdk.hotspot.jre.full.win32.x86_64_14.0.2.v20200815-0932/jre/bin/server;C:/Users/ANGELLUISRODRIG/.p2/pool/plugins/org.eclipse.justj.openjdk.hotspot.jre.full.win32.x86_64_14.0.2.v20200815-0932/jre/bin;C:\Program Files (x86)\Intel\oneAPI\tbb\latest\redist\intel64\vc_mt\;C:\Program Files (x86)\Intel\oneAPI\tbb\latest\redist\ia32\vc_mt\;C:\Program Files (x86)\Intel\oneAPI\compiler\latest\windows\redist\intel64_win\compiler;C:\Program Files (x86)\Intel\oneAPI\compiler\latest\windows\redist\ia32_win\compiler;C:\Program Files (x86)\Common Files\Oracle\Java\javapath;C:\Windows\system32;C:\Windows;C:\Windows\System32\Wbem;C:\Windows\System32\WindowsPowerShell\v1.0\;C:\Windows\System32\OpenSSH\;C:\Program Files\MiKTeX\miktex\bin\x64\;C:\ProgramFiles\c\bin;C:\ProgramFiles\perl\site\bin;C:\ProgramFiles\perl\bin;C:\Program Files\PuTTY\;C:\Program Files\Calibre2\;C:\Program Files\dotnet\;C:\Program Files\Git\cmd;C:\Program Files\MySQL\MySQL Shell 8.0\bin\;C:\Users\ANGELLUISRODRIG\AppData\Local\Programs\AdoptOpenJDK\jdk-11.0.8.10-hotspot\bin;C:\Users\ANGELLUISRODRIG\AppData\Local\Microsoft\WindowsApps;C:\Users\ANGELLUISRODRIG\AppData\Local\Programs\Microsoft VS Code\bin;C:\Program Files\swipl\bin;C:\Users\ANGELLUISRODRIG\.dotnet\tools;C:\Users\ANGELLUISRODRIG\AppData\Local\GitHubDesktop\bin;C:\Users\ANGELLUISRODRIG\Desktop;;."/>
    <property name="jdk.debug" value="release"/>
    <property name="java.class.version" value="58.0"/>
    <property name="java.specification.name" value="Java Platform API Specification"/>
    <property name="sun.management.compiler" value="HotSpot 64-Bit Tiered Compilers"/>
    <property name="os.version" value="10.0"/>
    <property name="user.home" value="C:\Users\ANGELLUISRODRIG"/>
    <property name="user.timezone" value="Europe/Madrid"/>
    <property name="file.encoding" value="Cp1252"/>
    <property name="java.specification.version" value="14"/>
    <property name="user.name" value="ANGELLUISRODRIG"/>
    <property name="java.class.path" value="C:\Users\ANGELLUISRODRIG\.p2\pool\plugins\org.eclipse.m2e.maven.runtime_1.16.0.20200610-1735\jars\plexus-classworlds-2.6.0.jar"/>
    <property name="java.vm.specification.version" value="14"/>
    <property name="sun.arch.data.model" value="64"/>
    <property name="sun.java.command" value="org.codehaus.plexus.classworlds.launcher.Launcher -B site:site"/>
    <property name="java.home" value="C:\Users\ANGELLUISRODRIG\.p2\pool\plugins\org.eclipse.justj.openjdk.hotspot.jre.full.win32.x86_64_14.0.2.v20200815-0932\jre"/>
    <property name="user.language" value="es"/>
    <property name="java.specification.vendor" value="Oracle Corporation"/>
    <property name="java.vm.info" value="mixed mode"/>
    <property name="java.version" value="14.0.2"/>
    <property name="java.vendor" value="Oracle Corporation"/>
    <property name="maven.home" value="C:\Users\ANGELLUISRODRIG\OneDrive - Universidad de Castilla-La Mancha\ESI\3º\1er Cuatrimestre\ISO 2\Trabajo Teórico\ISO2-2022-C05-Testing-P3\TestingP3\EMBEDDED"/>
    <property name="file.separator" value="\"/>
    <property name="java.version.date" value="2020-07-14"/>
    <property name="java.vendor.url.bug" value="https://bugreport.java.com/bugreport/"/>
    <property name="sun.io.unicode.encoding" value="UnicodeLittle"/>
    <property name="sun.cpu.endian" value="little"/>
    <property name="sun.cpu.isalist" value="amd64"/>
  </properties>
  <testcase classname="ISO2_C05.TestingP3.CuentaTest" name="CDP1" time="0.018"/>
  <testcase classname="ISO2_C05.TestingP3.CuentaTest" name="CDP2" time="0"/>
  <testcase classname="ISO2_C05.TestingP3.CuentaTest" name="CDP3" time="0"/>
  <testcase classname="ISO2_C05.TestingP3.CuentaTest" name="CDP4" time="0"/>
  <testcase classname="ISO2_C05.TestingP3.CuentaTest" name="CDP5" time="0"/>
  <testcase classname="ISO2_C05.TestingP3.CuentaTest" name="CDP6" time="0"/>
  <testcase classname="ISO2_C05.TestingP3.CuentaTest" name="CDP7" time="0"/>
  <testcase classname="ISO2_C05.TestingP3.CuentaTest" name="CDP8" time="0"/>
  <testcase classname="ISO2_C05.TestingP3.CuentaTest" name="CDP9" time="0"/>
  <testcase classname="ISO2_C05.TestingP3.CuentaTest" name="CDP11" time="0"/>
  <testcase classname="ISO2_C05.TestingP3.CuentaTest" name="CDP12" time="0"/>
  <testcase classname="ISO2_C05.TestingP3.CuentaTest" name="CDP13" time="0"/>
  <testcase classname="ISO2_C05.TestingP3.CuentaTest" name="CDP14" time="0"/>
  <testcase classname="ISO2_C05.TestingP3.CuentaTest" name="CDP15" time="0"/>
  <testcase classname="ISO2_C05.TestingP3.CuentaTest" name="CDP16" time="0.001"/>
  <testcase classname="ISO2_C05.TestingP3.CuentaTest" name="CDP17" time="0"/>
  <testcase classname="ISO2_C05.TestingP3.CuentaTest" name="CDP18" time="0"/>
  <testcase classname="ISO2_C05.TestingP3.CuentaTest" name="CDP19" time="0"/>
  <testcase classname="ISO2_C05.TestingP3.CuentaTest" name="CDP20" time="0"/>
  <testcase classname="ISO2_C05.TestingP3.CuentaTest" name="CDP21" time="0"/>
  <testcase classname="ISO2_C05.TestingP3.CuentaTest" name="CDP22" time="0"/>
  <testcase classname="ISO2_C05.TestingP3.CuentaTest" name="CDP24" time="0.001"/>
</testsuite>